
Gurobi 6.5.1 (mac64) logging started Wed May  3 18:06:31 2017


Gurobi Optimizer version 6.5.1 build v6.5.1rc3 (mac64)
Copyright (c) 2016, Gurobi Optimization, Inc.

Warning: unknown variable 'q-5' in bounds section
Warning: unknown variable 'SYS-1' in bounds section
Warning: unknown variable 's-6' in bounds section
Warning: unknown variable 'comm-1' in bounds section
Warning: unknown variable 'err-1' in bounds section
Warning: unknown variable 'info-3' in bounds section
Warning: unknown variable 'GPS-1' in bounds section
WARNING: Numeric variable name in LP file ('info-1') - often the result
         of a constant term in the left-hand side of a constraint.

Read LP format model from file problem.lp
Reading time = 0.00 seconds
(null): 42 rows, 32 columns, 226 nonzeros
Optimize a model with 42 rows, 32 columns and 226 nonzeros
Coefficient statistics:
  Matrix range    [1e+00, 4e+03]
  Objective range [1e+00, 1e+00]
  Bounds range    [1e+00, 1e+00]
  RHS range       [1e+00, 4e+03]
Presolve removed 11 rows and 18 columns
Presolve time: 0.00s
Presolved: 31 rows, 14 columns, 146 nonzeros

Iteration    Objective       Primal Inf.    Dual Inf.      Time
       0    0.0000000e+00   1.447276e+01   0.000000e+00      0s
      18    7.2064381e-02   0.000000e+00   0.000000e+00      0s

Solved in 18 iterations and 0.01 seconds
Optimal objective  7.206438141e-02

Wrote result file 'max.sol'


Gurobi 6.5.1 (mac64) logging started Wed May  3 18:08:01 2017


Gurobi Optimizer version 6.5.1 build v6.5.1rc3 (mac64)
Copyright (c) 2016, Gurobi Optimization, Inc.

Warning: unknown variable 'q-5' in bounds section
Warning: unknown variable 'info-3' in bounds section
Warning: unknown variable 's-6' in bounds section
WARNING: Numeric variable name in LP file ('info-1') - often the result
         of a constant term in the left-hand side of a constraint.

Read LP format model from file problem.lp
Reading time = 0.00 seconds
(null): 34 rows, 24 columns, 210 nonzeros
Optimize a model with 34 rows, 24 columns and 210 nonzeros
Coefficient statistics:
  Matrix range    [1e+00, 4e+03]
  Objective range [1e+00, 1e+00]
  Bounds range    [1e+00, 1e+00]
  RHS range       [1e+00, 4e+03]
Presolve removed 3 rows and 10 columns
Presolve time: 0.00s
Presolved: 31 rows, 14 columns, 146 nonzeros

Iteration    Objective       Primal Inf.    Dual Inf.      Time
       0    0.0000000e+00   1.447276e+01   0.000000e+00      0s
      18    7.2064381e-02   0.000000e+00   0.000000e+00      0s

Solved in 18 iterations and 0.00 seconds
Optimal objective  7.206438141e-02

Wrote result file 'max.sol'


Gurobi 6.5.1 (mac64) logging started Wed May  3 18:08:39 2017


Gurobi Optimizer version 6.5.1 build v6.5.1rc3 (mac64)
Copyright (c) 2016, Gurobi Optimization, Inc.

Warning: unknown variable 'q-5' in bounds section
Warning: unknown variable 'info-3' in bounds section
Warning: unknown variable 's-6' in bounds section
WARNING: Numeric variable name in LP file ('info-1') - often the result
         of a constant term in the left-hand side of a constraint.

Read LP format model from file problem.lp
Reading time = 0.00 seconds
(null): 32 rows, 21 columns, 206 nonzeros
Optimize a model with 32 rows, 21 columns and 206 nonzeros
Coefficient statistics:
  Matrix range    [1e+00, 4e+03]
  Objective range [1e+00, 1e+00]
  Bounds range    [1e+00, 1e+00]
  RHS range       [1e+00, 4e+03]
Presolve removed 1 rows and 7 columns
Presolve time: 0.00s
Presolved: 31 rows, 14 columns, 146 nonzeros

Iteration    Objective       Primal Inf.    Dual Inf.      Time
       0    0.0000000e+00   1.447276e+01   0.000000e+00      0s
      18    7.2064381e-02   0.000000e+00   0.000000e+00      0s

Solved in 18 iterations and 0.00 seconds
Optimal objective  7.206438141e-02

Wrote result file 'max.sol'


Gurobi 6.5.1 (mac64) logging started Wed May  3 18:09:05 2017


Gurobi Optimizer version 6.5.1 build v6.5.1rc3 (mac64)
Copyright (c) 2016, Gurobi Optimization, Inc.

Warning: unknown variable 'info-3' in bounds section
Warning: unknown variable 's-6' in bounds section
WARNING: Numeric variable name in LP file ('info-1') - often the result
         of a constant term in the left-hand side of a constraint.

Read LP format model from file problem.lp
Reading time = 0.00 seconds
(null): 33 rows, 21 columns, 208 nonzeros
Optimize a model with 33 rows, 21 columns and 208 nonzeros
Coefficient statistics:
  Matrix range    [1e+00, 4e+03]
  Objective range [1e+00, 1e+00]
  Bounds range    [1e+00, 1e+00]
  RHS range       [1e+00, 4e+03]
Presolve removed 2 rows and 7 columns
Presolve time: 0.00s
Presolved: 31 rows, 14 columns, 146 nonzeros

Iteration    Objective       Primal Inf.    Dual Inf.      Time
       0    0.0000000e+00   1.646886e+01   0.000000e+00      0s
      18    7.2064381e-02   0.000000e+00   0.000000e+00      0s

Solved in 18 iterations and 0.00 seconds
Optimal objective  7.206438141e-02

Wrote result file 'max.sol'


Gurobi 6.5.1 (mac64) logging started Wed May  3 18:14:53 2017


Gurobi Optimizer version 6.5.1 build v6.5.1rc3 (mac64)
Copyright (c) 2016, Gurobi Optimization, Inc.

Warning: unknown variable 'q-5' in bounds section
Warning: unknown variable 's-6' in bounds section
Warning: unknown variable 'info-3' in bounds section
WARNING: Numeric variable name in LP file ('info-1') - often the result
         of a constant term in the left-hand side of a constraint.

Read LP format model from file problem.lp
Reading time = 0.00 seconds
(null): 40 rows, 30 columns, 222 nonzeros
Optimize a model with 40 rows, 30 columns and 222 nonzeros
Coefficient statistics:
  Matrix range    [1e+00, 4e+03]
  Objective range [1e+00, 1e+00]
  Bounds range    [1e+00, 1e+00]
  RHS range       [1e+00, 4e+03]
Presolve removed 12 rows and 16 columns
Presolve time: 0.00s
Presolved: 28 rows, 14 columns, 140 nonzeros

Iteration    Objective       Primal Inf.    Dual Inf.      Time
       0    0.0000000e+00   1.046514e+01   0.000000e+00      0s
      16    7.2064381e-02   0.000000e+00   0.000000e+00      0s

Solved in 16 iterations and 0.01 seconds
Optimal objective  7.206438141e-02

Wrote result file 'max.sol'


Gurobi 6.5.1 (mac64) logging started Wed May  3 18:17:39 2017


Gurobi Optimizer version 6.5.1 build v6.5.1rc3 (mac64)
Copyright (c) 2016, Gurobi Optimization, Inc.

Error reading LP format file problem.lp at line 23
Malformed term in expression
Neighboring tokens: " + 376.035061402 1>= 3738.0 f-1 + 2865.2060986 "


ERROR 10012: Unable to read file


Gurobi 6.5.1 (mac64) logging started Wed May  3 18:18:11 2017


Gurobi Optimizer version 6.5.1 build v6.5.1rc3 (mac64)
Copyright (c) 2016, Gurobi Optimization, Inc.

Error reading LP format file problem.lp at line 49
Unrecognized variable bound
Neighboring tokens: " q-5 > 1 s-6 > 1 info-3 > "


ERROR 10012: Unable to read file


Gurobi 6.5.1 (mac64) logging started Wed May  3 18:18:46 2017


Gurobi Optimizer version 6.5.1 build v6.5.1rc3 (mac64)
Copyright (c) 2016, Gurobi Optimization, Inc.

Error reading LP format file problem.lp at line 49
Unrecognized variable bound
Neighboring tokens: " q-5 > 1 s-6 > 1 info-3 > "


ERROR 10012: Unable to read file


Gurobi 6.5.1 (mac64) logging started Wed May  3 18:19:00 2017


Gurobi Optimizer version 6.5.1 build v6.5.1rc3 (mac64)
Copyright (c) 2016, Gurobi Optimization, Inc.

Error reading LP format file problem.lp at line 49
Unrecognized variable bound
Neighboring tokens: " q-5 > 1 info-3 > 1 f-6 > "


ERROR 10012: Unable to read file


Gurobi 6.5.1 (mac64) logging started Wed May  3 18:20:44 2017


Gurobi Optimizer version 6.5.1 build v6.5.1rc3 (mac64)
Copyright (c) 2016, Gurobi Optimization, Inc.

Error reading LP format file problem.lp at line 43
Unrecognized variable bound
Neighboring tokens: " q-5 > 1 info-3 > 1 f-6 > "


ERROR 10012: Unable to read file


Gurobi 6.5.1 (mac64) logging started Wed May  3 18:21:02 2017


Gurobi Optimizer version 6.5.1 build v6.5.1rc3 (mac64)
Copyright (c) 2016, Gurobi Optimization, Inc.

WARNING: Numeric variable name in LP file ('info-1') - often the result
         of a constant term in the left-hand side of a constraint.

Read LP format model from file problem.lp
Reading time = 0.00 seconds
(null): 33 rows, 19 columns, 208 nonzeros
Optimize a model with 33 rows, 19 columns and 208 nonzeros
Coefficient statistics:
  Matrix range    [1e+00, 4e+03]
  Objective range [1e+00, 1e+00]
  Bounds range    [1e+00, 1e+00]
  RHS range       [1e+00, 4e+03]
Presolve removed 6 rows and 9 columns
Presolve time: 0.00s
Presolved: 27 rows, 10 columns, 112 nonzeros

Iteration    Objective       Primal Inf.    Dual Inf.      Time
       0    0.0000000e+00   1.084097e+01   0.000000e+00      0s
      11    1.3750891e-01   0.000000e+00   0.000000e+00      0s

Solved in 11 iterations and 0.01 seconds
Optimal objective  1.375089110e-01

Wrote result file 'max.sol'


Gurobi 6.5.1 (mac64) logging started Wed May  3 19:10:51 2017


Gurobi Optimizer version 6.5.1 build v6.5.1rc3 (mac64)
Copyright (c) 2016, Gurobi Optimization, Inc.

WARNING: Numeric variable name in LP file ('info-1') - often the result
         of a constant term in the left-hand side of a constraint.

Read LP format model from file problem.lp
Reading time = 0.00 seconds
(null): 34 rows, 20 columns, 210 nonzeros
Optimize a model with 34 rows, 20 columns and 210 nonzeros
Coefficient statistics:
  Matrix range    [1e+00, 4e+03]
  Objective range [1e+00, 1e+00]
  Bounds range    [1e+00, 1e+00]
  RHS range       [1e+00, 4e+03]
Presolve removed 7 rows and 10 columns
Presolve time: 0.01s
Presolved: 27 rows, 10 columns, 112 nonzeros

Iteration    Objective       Primal Inf.    Dual Inf.      Time
       0    0.0000000e+00   1.183877e+01   0.000000e+00      0s
      11    1.3750891e-01   0.000000e+00   0.000000e+00      0s

Solved in 11 iterations and 0.01 seconds
Optimal objective  1.375089110e-01

Wrote result file 'max.sol'


Gurobi 6.5.1 (mac64) logging started Wed May  3 19:11:09 2017


Gurobi Optimizer version 6.5.1 build v6.5.1rc3 (mac64)
Copyright (c) 2016, Gurobi Optimization, Inc.

WARNING: Numeric variable name in LP file ('info-1') - often the result
         of a constant term in the left-hand side of a constraint.

Read LP format model from file problem.lp
Reading time = 0.00 seconds
(null): 34 rows, 19 columns, 210 nonzeros
Optimize a model with 34 rows, 19 columns and 210 nonzeros
Coefficient statistics:
  Matrix range    [1e+00, 4e+03]
  Objective range [1e+00, 1e+00]
  Bounds range    [1e+00, 1e+00]
  RHS range       [1e+00, 4e+03]
Presolve removed 6 rows and 9 columns
Presolve time: 0.00s
Presolved: 28 rows, 10 columns, 114 nonzeros

Iteration    Objective       Primal Inf.    Dual Inf.      Time
       0    0.0000000e+00   1.282753e+01   0.000000e+00      0s
      15    1.4121915e-01   0.000000e+00   0.000000e+00      0s

Solved in 15 iterations and 0.00 seconds
Optimal objective  1.412191479e-01

Wrote result file 'max.sol'


Gurobi 6.5.1 (mac64) logging started Wed May  3 19:12:01 2017


Gurobi Optimizer version 6.5.1 build v6.5.1rc3 (mac64)
Copyright (c) 2016, Gurobi Optimization, Inc.

WARNING: Numeric variable name in LP file ('info-1') - often the result
         of a constant term in the left-hand side of a constraint.

Read LP format model from file problem.lp
Reading time = 0.00 seconds
(null): 30 rows, 15 columns, 202 nonzeros
Optimize a model with 30 rows, 15 columns and 202 nonzeros
Coefficient statistics:
  Matrix range    [1e+00, 4e+03]
  Objective range [1e+00, 1e+00]
  Bounds range    [1e+00, 1e+00]
  RHS range       [1e+00, 4e+03]
Presolve removed 2 rows and 5 columns
Presolve time: 0.00s
Presolved: 28 rows, 10 columns, 114 nonzeros

Iteration    Objective       Primal Inf.    Dual Inf.      Time
       0    0.0000000e+00   1.282753e+01   0.000000e+00      0s
      15    1.4121915e-01   0.000000e+00   0.000000e+00      0s

Solved in 15 iterations and 0.00 seconds
Optimal objective  1.412191479e-01

Wrote result file 'max.sol'


Gurobi 6.5.1 (mac64) logging started Wed May  3 19:57:55 2017


Gurobi Optimizer version 6.5.1 build v6.5.1rc3 (mac64)
Copyright (c) 2016, Gurobi Optimization, Inc.

Warning: unknown variable 'q-5' in bounds section
Warning: unknown variable 's-6' in bounds section
Warning: unknown variable 'info-3' in bounds section
Warning: unknown variable 'SYS' in bounds section
Warning: unknown variable 'comm' in bounds section
Warning: unknown variable 'GPS' in bounds section
Warning: unknown variable '1' in bounds section
WARNING: Numeric variable name in LP file ('info-1') - often the result
         of a constant term in the left-hand side of a constraint.

Read LP format model from file problem.lp
Reading time = 0.00 seconds
(null): 48 rows, 27 columns, 176 nonzeros
Optimize a model with 48 rows, 27 columns and 176 nonzeros
Coefficient statistics:
  Matrix range    [1e+00, 4e+03]
  Objective range [1e+00, 1e+00]
  Bounds range    [1e+00, 1e+00]
  RHS range       [1e+00, 4e+03]
Presolve removed 18 rows and 17 columns
Presolve time: 0.01s
Presolved: 30 rows, 10 columns, 128 nonzeros

Iteration    Objective       Primal Inf.    Dual Inf.      Time
       0    0.0000000e+00   1.245658e+01   0.000000e+00      0s
      14    4.1038370e-01   0.000000e+00   0.000000e+00      0s

Solved in 14 iterations and 0.01 seconds
Optimal objective  4.103836958e-01

Wrote result file 'max.sol'


Gurobi 6.5.1 (mac64) logging started Wed May  3 19:58:28 2017


Gurobi Optimizer version 6.5.1 build v6.5.1rc3 (mac64)
Copyright (c) 2016, Gurobi Optimization, Inc.

Warning: unknown variable 'q-5' in bounds section
Warning: unknown variable 's-6' in bounds section
Warning: unknown variable 'info-3' in bounds section
Warning: unknown variable 'SYS' in bounds section
Warning: unknown variable 'comm' in bounds section
Warning: unknown variable 'GPS' in bounds section
Warning: unknown variable '1' in bounds section
WARNING: Numeric variable name in LP file ('info-1') - often the result
         of a constant term in the left-hand side of a constraint.

Read LP format model from file problem.lp
Reading time = 0.00 seconds
(null): 48 rows, 27 columns, 176 nonzeros
Optimize a model with 48 rows, 27 columns and 176 nonzeros
Coefficient statistics:
  Matrix range    [1e+00, 4e+03]
  Objective range [1e+00, 1e+00]
  Bounds range    [1e+00, 1e+00]
  RHS range       [1e+00, 4e+03]
Presolve removed 18 rows and 17 columns
Presolve time: 0.00s
Presolved: 30 rows, 10 columns, 128 nonzeros

Iteration    Objective       Primal Inf.    Dual Inf.      Time
       0    0.0000000e+00   1.245658e+01   0.000000e+00      0s
      13    4.1038370e-01   0.000000e+00   0.000000e+00      0s

Solved in 13 iterations and 0.01 seconds
Optimal objective  4.103836958e-01

Wrote result file 'max.sol'


Gurobi 6.5.1 (mac64) logging started Mon May  8 10:31:39 2017


Gurobi Optimizer version 6.5.1 build v6.5.1rc3 (mac64)
Copyright (c) 2016, Gurobi Optimization, Inc.

Warning: unknown variable 'q-5' in bounds section
Warning: unknown variable 's-6' in bounds section
Warning: unknown variable 'info-3' in bounds section
Warning: unknown variable '1' in bounds section
WARNING: Numeric variable name in LP file ('info-1') - often the result
         of a constant term in the left-hand side of a constraint.

Read LP format model from file problem.lp
Reading time = 0.00 seconds
(null): 48 rows, 24 columns, 176 nonzeros
Optimize a model with 48 rows, 24 columns and 176 nonzeros
Coefficient statistics:
  Matrix range    [1e+00, 4e+03]
  Objective range [1e+00, 1e+00]
  Bounds range    [1e+00, 1e+00]
  RHS range       [1e+00, 4e+03]
Presolve removed 18 rows and 15 columns
Presolve time: 0.00s
Presolved: 30 rows, 9 columns, 125 nonzeros

Iteration    Objective       Primal Inf.    Dual Inf.      Time
       0    0.0000000e+00   1.087733e+01   0.000000e+00      0s
      14    4.1038370e-01   0.000000e+00   0.000000e+00      0s

Solved in 14 iterations and 0.01 seconds
Optimal objective  4.103836958e-01

Wrote result file 'max.sol'


Gurobi 6.5.1 (mac64) logging started Mon May  8 10:32:37 2017


Gurobi Optimizer version 6.5.1 build v6.5.1rc3 (mac64)
Copyright (c) 2016, Gurobi Optimization, Inc.

Warning: unknown variable 'q-5' in bounds section
Warning: unknown variable 's-6' in bounds section
Warning: unknown variable 'info-3' in bounds section
Warning: unknown variable '1' in bounds section
WARNING: Numeric variable name in LP file ('info-1') - often the result
         of a constant term in the left-hand side of a constraint.

Read LP format model from file problem.lp
Reading time = 0.00 seconds
(null): 40 rows, 19 columns, 160 nonzeros
Optimize a model with 40 rows, 19 columns and 160 nonzeros
Coefficient statistics:
  Matrix range    [1e+00, 4e+03]
  Objective range [1e+00, 1e+00]
  Bounds range    [1e+00, 1e+00]
  RHS range       [1e+00, 4e+03]
Presolve removed 10 rows and 10 columns
Presolve time: 0.00s
Presolved: 30 rows, 9 columns, 125 nonzeros

Iteration    Objective       Primal Inf.    Dual Inf.      Time
       0    0.0000000e+00   1.087733e+01   0.000000e+00      0s
      14    4.1038370e-01   0.000000e+00   0.000000e+00      0s

Solved in 14 iterations and 0.00 seconds
Optimal objective  4.103836958e-01

Wrote result file 'max.sol'


Gurobi 6.5.1 (mac64) logging started Tue May  9 13:53:40 2017


Gurobi Optimizer version 6.5.1 build v6.5.1rc3 (mac64)
Copyright (c) 2016, Gurobi Optimization, Inc.

Error reading LP format file problem.lp at line 3
Malformed term in expression
Neighboring tokens: " err f-1 + 1057.53388745 s@a + 796.33721581 s@b "


ERROR 10012: Unable to read file


Gurobi 6.5.1 (mac64) logging started Tue May  9 13:53:56 2017


Gurobi Optimizer version 6.5.1 build v6.5.1rc3 (mac64)
Copyright (c) 2016, Gurobi Optimization, Inc.

Error reading LP format file problem.lp at line 3
Malformed term in expression
Neighboring tokens: " err f-1 + 1057.53388745 s@a + 796.33721581 s@b "


ERROR 10012: Unable to read file


Gurobi 6.5.1 (mac64) logging started Tue May  9 13:54:02 2017


Gurobi Optimizer version 6.5.1 build v6.5.1rc3 (mac64)
Copyright (c) 2016, Gurobi Optimization, Inc.

Warning: unknown variable 'q-5' in bounds section
Warning: unknown variable 's-6' in bounds section
Warning: unknown variable 'info-3' in bounds section
WARNING: Numeric variable name in LP file ('info-1') - often the result
         of a constant term in the left-hand side of a constraint.

Read LP format model from file problem.lp
Reading time = 0.00 seconds
(null): 24 rows, 17 columns, 186 nonzeros
Optimize a model with 24 rows, 17 columns and 186 nonzeros
Coefficient statistics:
  Matrix range    [1e+00, 4e+03]
  Objective range [1e+00, 1e+00]
  Bounds range    [1e+00, 1e+00]
  RHS range       [2e+03, 4e+03]
Presolve removed 2 rows and 8 columns
Presolve time: 0.00s
Presolved: 22 rows, 9 columns, 104 nonzeros

Iteration    Objective       Primal Inf.    Dual Inf.      Time
       0    8.1101097e-02   5.686784e+00   0.000000e+00      0s
       7    1.5849483e-01   0.000000e+00   0.000000e+00      0s

Solved in 7 iterations and 0.00 seconds
Optimal objective  1.584948274e-01

Wrote result file 'max.sol'


Gurobi 6.5.1 (mac64) logging started Tue May  9 13:56:33 2017


Gurobi Optimizer version 6.5.1 build v6.5.1rc3 (mac64)
Copyright (c) 2016, Gurobi Optimization, Inc.

WARNING: Numeric variable name in LP file ('1') - often the result
         of a constant term in the left-hand side of a constraint.

Read LP format model from file problem.lp
Reading time = 0.00 seconds
(null): 24 rows, 6 columns, 128 nonzeros
Optimize a model with 24 rows, 6 columns and 128 nonzeros
Coefficient statistics:
  Matrix range    [1e+00, 4e+03]
  Objective range [1e+00, 1e+00]
  Bounds range    [1e+00, 1e+00]
  RHS range       [2e+03, 4e+03]
Presolve removed 7 rows and 2 columns
Presolve time: 0.00s
Presolved: 17 rows, 4 columns, 61 nonzeros

Iteration    Objective       Primal Inf.    Dual Inf.      Time
       0    9.2115211e-02   1.086604e+00   0.000000e+00      0s
       6    2.3761057e-01   0.000000e+00   0.000000e+00      0s

Solved in 6 iterations and 0.00 seconds
Optimal objective  2.376105683e-01

Wrote result file 'max.sol'


Gurobi 6.5.1 (mac64) logging started Wed May 10 13:06:59 2017

Set parameter LogToConsole to value 0

Gurobi Optimizer version 6.5.1 build v6.5.1rc3 (mac64)
Copyright (c) 2016, Gurobi Optimization, Inc.

WARNING: Numeric variable name in LP file ('1') - often the result
         of a constant term in the left-hand side of a constraint.

Read LP format model from file problem.lp
Reading time = 0.00 seconds
(null): 24 rows, 6 columns, 128 nonzeros
Optimize a model with 24 rows, 6 columns and 128 nonzeros
Coefficient statistics:
  Matrix range    [1e+00, 4e+03]
  Objective range [1e+00, 1e+00]
  Bounds range    [1e+00, 1e+00]
  RHS range       [2e+03, 4e+03]
Presolve removed 7 rows and 2 columns
Presolve time: 0.00s
Presolved: 17 rows, 4 columns, 61 nonzeros

Iteration    Objective       Primal Inf.    Dual Inf.      Time
       0    9.2115211e-02   1.086604e+00   0.000000e+00      0s
       6    2.3761057e-01   0.000000e+00   0.000000e+00      0s

Solved in 6 iterations and 0.00 seconds
Optimal objective  2.376105683e-01

Wrote result file 'coeff.sol'


Gurobi 6.5.1 (mac64) logging started Wed May 10 13:10:51 2017

Set parameter LogToConsole to value 0

Gurobi Optimizer version 6.5.1 build v6.5.1rc3 (mac64)
Copyright (c) 2016, Gurobi Optimization, Inc.

WARNING: Numeric variable name in LP file ('1') - often the result
         of a constant term in the left-hand side of a constraint.

Read LP format model from file problem.lp
Reading time = 0.00 seconds
(null): 24 rows, 6 columns, 128 nonzeros
Optimize a model with 24 rows, 6 columns and 128 nonzeros
Coefficient statistics:
  Matrix range    [1e+00, 4e+03]
  Objective range [1e+00, 1e+00]
  Bounds range    [1e+00, 1e+00]
  RHS range       [2e+03, 4e+03]
Presolve removed 7 rows and 2 columns
Presolve time: 0.00s
Presolved: 17 rows, 4 columns, 61 nonzeros

Iteration    Objective       Primal Inf.    Dual Inf.      Time
       0    9.2115211e-02   1.086604e+00   0.000000e+00      0s
       6    2.3761057e-01   0.000000e+00   0.000000e+00      0s

Solved in 6 iterations and 0.00 seconds
Optimal objective  2.376105683e-01

Wrote result file 'coeff.sol'


Gurobi 6.5.1 (mac64) logging started Wed May 10 13:11:20 2017

Set parameter LogToConsole to value 0

Gurobi Optimizer version 6.5.1 build v6.5.1rc3 (mac64)
Copyright (c) 2016, Gurobi Optimization, Inc.

WARNING: Numeric variable name in LP file ('1') - often the result
         of a constant term in the left-hand side of a constraint.

Read LP format model from file problem.lp
Reading time = 0.00 seconds
(null): 24 rows, 6 columns, 128 nonzeros
Optimize a model with 24 rows, 6 columns and 128 nonzeros
Coefficient statistics:
  Matrix range    [1e+00, 4e+03]
  Objective range [1e+00, 1e+00]
  Bounds range    [1e+00, 1e+00]
  RHS range       [2e+03, 4e+03]
Presolve removed 7 rows and 2 columns
Presolve time: 0.00s
Presolved: 17 rows, 4 columns, 61 nonzeros

Iteration    Objective       Primal Inf.    Dual Inf.      Time
       0    9.2115211e-02   1.086604e+00   0.000000e+00      0s
       6    2.3761057e-01   0.000000e+00   0.000000e+00      0s

Solved in 6 iterations and 0.00 seconds
Optimal objective  2.376105683e-01

Wrote result file 'coeff.sol'


Gurobi 6.5.1 (mac64) logging started Wed May 10 13:11:32 2017

Set parameter LogToConsole to value 0

Gurobi Optimizer version 6.5.1 build v6.5.1rc3 (mac64)
Copyright (c) 2016, Gurobi Optimization, Inc.

WARNING: Numeric variable name in LP file ('1') - often the result
         of a constant term in the left-hand side of a constraint.

Read LP format model from file problem.lp
Reading time = 0.00 seconds
(null): 24 rows, 6 columns, 128 nonzeros
Optimize a model with 24 rows, 6 columns and 128 nonzeros
Coefficient statistics:
  Matrix range    [1e+00, 4e+03]
  Objective range [1e+00, 1e+00]
  Bounds range    [1e+00, 1e+00]
  RHS range       [2e+03, 4e+03]
Presolve removed 7 rows and 2 columns
Presolve time: 0.00s
Presolved: 17 rows, 4 columns, 61 nonzeros

Iteration    Objective       Primal Inf.    Dual Inf.      Time
       0    9.2115211e-02   1.086604e+00   0.000000e+00      0s
       6    2.3761057e-01   0.000000e+00   0.000000e+00      0s

Solved in 6 iterations and 0.00 seconds
Optimal objective  2.376105683e-01

Wrote result file 'coeff.sol'


Gurobi 6.5.1 (mac64) logging started Wed May 10 13:13:38 2017

Set parameter LogToConsole to value 0

Gurobi Optimizer version 6.5.1 build v6.5.1rc3 (mac64)
Copyright (c) 2016, Gurobi Optimization, Inc.

WARNING: Numeric variable name in LP file ('1') - often the result
         of a constant term in the left-hand side of a constraint.

Read LP format model from file problem.lp
Reading time = 0.00 seconds
(null): 24 rows, 6 columns, 128 nonzeros
Optimize a model with 24 rows, 6 columns and 128 nonzeros
Coefficient statistics:
  Matrix range    [1e+00, 4e+03]
  Objective range [1e+00, 1e+00]
  Bounds range    [1e+00, 1e+00]
  RHS range       [2e+03, 4e+03]
Presolve removed 7 rows and 2 columns
Presolve time: 0.00s
Presolved: 17 rows, 4 columns, 61 nonzeros

Iteration    Objective       Primal Inf.    Dual Inf.      Time
       0    9.2115211e-02   1.086604e+00   0.000000e+00      0s
       6    2.3761057e-01   0.000000e+00   0.000000e+00      0s

Solved in 6 iterations and 0.00 seconds
Optimal objective  2.376105683e-01

Wrote result file 'coeff.sol'


Gurobi 6.5.1 (mac64) logging started Wed May 10 13:13:47 2017

Set parameter LogToConsole to value 0

Gurobi Optimizer version 6.5.1 build v6.5.1rc3 (mac64)
Copyright (c) 2016, Gurobi Optimization, Inc.

WARNING: Numeric variable name in LP file ('1') - often the result
         of a constant term in the left-hand side of a constraint.

Read LP format model from file problem.lp
Reading time = 0.00 seconds
(null): 24 rows, 6 columns, 128 nonzeros
Optimize a model with 24 rows, 6 columns and 128 nonzeros
Coefficient statistics:
  Matrix range    [1e+00, 4e+03]
  Objective range [1e+00, 1e+00]
  Bounds range    [1e+00, 1e+00]
  RHS range       [2e+03, 4e+03]
Presolve removed 7 rows and 2 columns
Presolve time: 0.00s
Presolved: 17 rows, 4 columns, 61 nonzeros

Iteration    Objective       Primal Inf.    Dual Inf.      Time
       0    9.2115211e-02   1.086604e+00   0.000000e+00      0s
       6    2.3761057e-01   0.000000e+00   0.000000e+00      0s

Solved in 6 iterations and 0.00 seconds
Optimal objective  2.376105683e-01

Wrote result file 'coeff.sol'


Gurobi 6.5.1 (mac64) logging started Wed May 10 13:14:52 2017

Set parameter LogToConsole to value 0

Gurobi Optimizer version 6.5.1 build v6.5.1rc3 (mac64)
Copyright (c) 2016, Gurobi Optimization, Inc.

WARNING: Numeric variable name in LP file ('1') - often the result
         of a constant term in the left-hand side of a constraint.

Read LP format model from file problem.lp
Reading time = 0.00 seconds
(null): 24 rows, 6 columns, 128 nonzeros
Optimize a model with 24 rows, 6 columns and 128 nonzeros
Coefficient statistics:
  Matrix range    [1e+00, 4e+03]
  Objective range [1e+00, 1e+00]
  Bounds range    [1e+00, 1e+00]
  RHS range       [2e+03, 4e+03]
Presolve removed 7 rows and 2 columns
Presolve time: 0.00s
Presolved: 17 rows, 4 columns, 61 nonzeros

Iteration    Objective       Primal Inf.    Dual Inf.      Time
       0    9.2115211e-02   1.086604e+00   0.000000e+00      0s
       6    2.3761057e-01   0.000000e+00   0.000000e+00      0s

Solved in 6 iterations and 0.00 seconds
Optimal objective  2.376105683e-01

Wrote result file 'coeff.sol'


Gurobi 6.5.1 (mac64) logging started Wed May 10 13:16:10 2017

Set parameter LogToConsole to value 0

Gurobi Optimizer version 6.5.1 build v6.5.1rc3 (mac64)
Copyright (c) 2016, Gurobi Optimization, Inc.

WARNING: Numeric variable name in LP file ('1') - often the result
         of a constant term in the left-hand side of a constraint.

Read LP format model from file problem.lp
Reading time = 0.00 seconds
(null): 24 rows, 6 columns, 128 nonzeros
Optimize a model with 24 rows, 6 columns and 128 nonzeros
Coefficient statistics:
  Matrix range    [1e+00, 4e+03]
  Objective range [1e+00, 1e+00]
  Bounds range    [1e+00, 1e+00]
  RHS range       [2e+03, 4e+03]
Presolve removed 7 rows and 2 columns
Presolve time: 0.00s
Presolved: 17 rows, 4 columns, 61 nonzeros

Iteration    Objective       Primal Inf.    Dual Inf.      Time
       0    9.2115211e-02   1.086604e+00   0.000000e+00      0s
       6    2.3761057e-01   0.000000e+00   0.000000e+00      0s

Solved in 6 iterations and 0.00 seconds
Optimal objective  2.376105683e-01

Wrote result file 'coeff.sol'


Gurobi 6.5.1 (mac64) logging started Wed May 10 13:18:48 2017

Set parameter LogToConsole to value 0

Gurobi Optimizer version 6.5.1 build v6.5.1rc3 (mac64)
Copyright (c) 2016, Gurobi Optimization, Inc.

WARNING: Numeric variable name in LP file ('1') - often the result
         of a constant term in the left-hand side of a constraint.

Read LP format model from file problem.lp
Reading time = 0.00 seconds
(null): 24 rows, 6 columns, 128 nonzeros
Optimize a model with 24 rows, 6 columns and 128 nonzeros
Coefficient statistics:
  Matrix range    [1e+00, 4e+03]
  Objective range [1e+00, 1e+00]
  Bounds range    [1e+00, 1e+00]
  RHS range       [2e+03, 4e+03]
Presolve removed 7 rows and 2 columns
Presolve time: 0.00s
Presolved: 17 rows, 4 columns, 61 nonzeros

Iteration    Objective       Primal Inf.    Dual Inf.      Time
       0    9.2115211e-02   1.086604e+00   0.000000e+00      0s
       6    2.3761057e-01   0.000000e+00   0.000000e+00      0s

Solved in 6 iterations and 0.00 seconds
Optimal objective  2.376105683e-01

Wrote result file 'coeff.sol'


Gurobi 6.5.1 (mac64) logging started Wed May 10 13:20:32 2017

Set parameter LogToConsole to value 0

Gurobi Optimizer version 6.5.1 build v6.5.1rc3 (mac64)
Copyright (c) 2016, Gurobi Optimization, Inc.

WARNING: Numeric variable name in LP file ('1') - often the result
         of a constant term in the left-hand side of a constraint.

Read LP format model from file problem.lp
Reading time = 0.00 seconds
(null): 24 rows, 6 columns, 128 nonzeros
Optimize a model with 24 rows, 6 columns and 128 nonzeros
Coefficient statistics:
  Matrix range    [1e+00, 4e+03]
  Objective range [1e+00, 1e+00]
  Bounds range    [1e+00, 1e+00]
  RHS range       [2e+03, 4e+03]
Presolve removed 7 rows and 2 columns
Presolve time: 0.00s
Presolved: 17 rows, 4 columns, 61 nonzeros

Iteration    Objective       Primal Inf.    Dual Inf.      Time
       0    9.2115211e-02   1.086604e+00   0.000000e+00      0s
       6    2.3761057e-01   0.000000e+00   0.000000e+00      0s

Solved in 6 iterations and 0.00 seconds
Optimal objective  2.376105683e-01

Wrote result file 'coeff.sol'


Gurobi 6.5.1 (mac64) logging started Wed May 10 13:20:51 2017

Set parameter LogToConsole to value 0

Gurobi Optimizer version 6.5.1 build v6.5.1rc3 (mac64)
Copyright (c) 2016, Gurobi Optimization, Inc.

WARNING: Numeric variable name in LP file ('1') - often the result
         of a constant term in the left-hand side of a constraint.

Read LP format model from file problem.lp
Reading time = 0.00 seconds
(null): 24 rows, 6 columns, 128 nonzeros
Optimize a model with 24 rows, 6 columns and 128 nonzeros
Coefficient statistics:
  Matrix range    [1e+00, 4e+03]
  Objective range [1e+00, 1e+00]
  Bounds range    [1e+00, 1e+00]
  RHS range       [2e+03, 4e+03]
Presolve removed 7 rows and 2 columns
Presolve time: 0.00s
Presolved: 17 rows, 4 columns, 61 nonzeros

Iteration    Objective       Primal Inf.    Dual Inf.      Time
       0    9.2115211e-02   1.086604e+00   0.000000e+00      0s
       6    2.3761057e-01   0.000000e+00   0.000000e+00      0s

Solved in 6 iterations and 0.00 seconds
Optimal objective  2.376105683e-01

Wrote result file 'coeff.sol'


Gurobi 6.5.1 (mac64) logging started Wed May 10 13:21:20 2017

Set parameter LogToConsole to value 0

Gurobi Optimizer version 6.5.1 build v6.5.1rc3 (mac64)
Copyright (c) 2016, Gurobi Optimization, Inc.

WARNING: Numeric variable name in LP file ('1') - often the result
         of a constant term in the left-hand side of a constraint.

Read LP format model from file problem.lp
Reading time = 0.00 seconds
(null): 24 rows, 6 columns, 128 nonzeros
Optimize a model with 24 rows, 6 columns and 128 nonzeros
Coefficient statistics:
  Matrix range    [1e+00, 4e+03]
  Objective range [1e+00, 1e+00]
  Bounds range    [1e+00, 1e+00]
  RHS range       [2e+03, 4e+03]
Presolve removed 7 rows and 2 columns
Presolve time: 0.00s
Presolved: 17 rows, 4 columns, 61 nonzeros

Iteration    Objective       Primal Inf.    Dual Inf.      Time
       0    9.2115211e-02   1.086604e+00   0.000000e+00      0s
       6    2.3761057e-01   0.000000e+00   0.000000e+00      0s

Solved in 6 iterations and 0.00 seconds
Optimal objective  2.376105683e-01

Wrote result file 'coeff.sol'


Gurobi 6.5.1 (mac64) logging started Wed May 10 13:21:34 2017

Set parameter LogToConsole to value 0

Gurobi Optimizer version 6.5.1 build v6.5.1rc3 (mac64)
Copyright (c) 2016, Gurobi Optimization, Inc.

WARNING: Numeric variable name in LP file ('1') - often the result
         of a constant term in the left-hand side of a constraint.

Read LP format model from file problem.lp
Reading time = 0.00 seconds
(null): 24 rows, 6 columns, 128 nonzeros
Optimize a model with 24 rows, 6 columns and 128 nonzeros
Coefficient statistics:
  Matrix range    [1e+00, 4e+03]
  Objective range [1e+00, 1e+00]
  Bounds range    [1e+00, 1e+00]
  RHS range       [2e+03, 4e+03]
Presolve removed 7 rows and 2 columns
Presolve time: 0.00s
Presolved: 17 rows, 4 columns, 61 nonzeros

Iteration    Objective       Primal Inf.    Dual Inf.      Time
       0    9.2115211e-02   1.086604e+00   0.000000e+00      0s
       6    2.3761057e-01   0.000000e+00   0.000000e+00      0s

Solved in 6 iterations and 0.00 seconds
Optimal objective  2.376105683e-01

Wrote result file 'coeff.sol'


Gurobi 6.5.1 (mac64) logging started Wed May 10 13:23:45 2017

Set parameter LogToConsole to value 0

Gurobi Optimizer version 6.5.1 build v6.5.1rc3 (mac64)
Copyright (c) 2016, Gurobi Optimization, Inc.

WARNING: Numeric variable name in LP file ('1') - often the result
         of a constant term in the left-hand side of a constraint.

Read LP format model from file problem.lp
Reading time = 0.00 seconds
(null): 156 rows, 6 columns, 794 nonzeros
Optimize a model with 156 rows, 6 columns and 794 nonzeros
Coefficient statistics:
  Matrix range    [1e+00, 4e+03]
  Objective range [1e+00, 1e+00]
  Bounds range    [1e+00, 1e+00]
  RHS range       [2e+03, 4e+03]
Presolve removed 1 rows and 73 columns
Presolve time: 0.00s
Presolved: 5 rows, 88 columns, 390 nonzeros

Iteration    Objective       Primal Inf.    Dual Inf.      Time
       0   -0.0000000e+00   0.000000e+00   8.188516e+04      0s
      16    5.4479353e-01   0.000000e+00   0.000000e+00      0s

Solved in 16 iterations and 0.00 seconds
Optimal objective  5.447935323e-01

Wrote result file 'coeff.sol'


Gurobi 6.5.1 (mac64) logging started Wed May 10 13:24:09 2017

Set parameter LogToConsole to value 0

Gurobi Optimizer version 6.5.1 build v6.5.1rc3 (mac64)
Copyright (c) 2016, Gurobi Optimization, Inc.

WARNING: Numeric variable name in LP file ('1') - often the result
         of a constant term in the left-hand side of a constraint.

Read LP format model from file problem.lp
Reading time = 0.00 seconds
(null): 24 rows, 6 columns, 128 nonzeros
Optimize a model with 24 rows, 6 columns and 128 nonzeros
Coefficient statistics:
  Matrix range    [1e+00, 4e+03]
  Objective range [1e+00, 1e+00]
  Bounds range    [1e+00, 1e+00]
  RHS range       [2e+03, 4e+03]
Presolve removed 7 rows and 2 columns
Presolve time: 0.00s
Presolved: 17 rows, 4 columns, 61 nonzeros

Iteration    Objective       Primal Inf.    Dual Inf.      Time
       0    9.2115211e-02   1.086604e+00   0.000000e+00      0s
       6    2.3761057e-01   0.000000e+00   0.000000e+00      0s

Solved in 6 iterations and 0.00 seconds
Optimal objective  2.376105683e-01

Wrote result file 'coeff.sol'


Gurobi 6.5.1 (mac64) logging started Wed May 10 13:25:13 2017

Set parameter LogToConsole to value 0

Gurobi Optimizer version 6.5.1 build v6.5.1rc3 (mac64)
Copyright (c) 2016, Gurobi Optimization, Inc.

WARNING: Numeric variable name in LP file ('1') - often the result
         of a constant term in the left-hand side of a constraint.

Read LP format model from file problem.lp
Reading time = 0.00 seconds
(null): 24 rows, 6 columns, 128 nonzeros
Optimize a model with 24 rows, 6 columns and 128 nonzeros
Coefficient statistics:
  Matrix range    [1e+00, 4e+03]
  Objective range [1e+00, 1e+00]
  Bounds range    [1e+00, 1e+00]
  RHS range       [2e+03, 4e+03]
Presolve removed 7 rows and 2 columns
Presolve time: 0.00s
Presolved: 17 rows, 4 columns, 61 nonzeros

Iteration    Objective       Primal Inf.    Dual Inf.      Time
       0    9.2115211e-02   1.086604e+00   0.000000e+00      0s
       6    2.3761057e-01   0.000000e+00   0.000000e+00      0s

Solved in 6 iterations and 0.00 seconds
Optimal objective  2.376105683e-01

Wrote result file 'coeff.sol'


Gurobi 6.5.1 (mac64) logging started Wed May 10 13:25:38 2017

Set parameter LogToConsole to value 0

Gurobi Optimizer version 6.5.1 build v6.5.1rc3 (mac64)
Copyright (c) 2016, Gurobi Optimization, Inc.

WARNING: Numeric variable name in LP file ('1') - often the result
         of a constant term in the left-hand side of a constraint.

Read LP format model from file problem.lp
Reading time = 0.00 seconds
(null): 24 rows, 6 columns, 128 nonzeros
Optimize a model with 24 rows, 6 columns and 128 nonzeros
Coefficient statistics:
  Matrix range    [1e+00, 4e+03]
  Objective range [1e+00, 1e+00]
  Bounds range    [1e+00, 1e+00]
  RHS range       [2e+03, 4e+03]
Presolve removed 7 rows and 2 columns
Presolve time: 0.00s
Presolved: 17 rows, 4 columns, 61 nonzeros

Iteration    Objective       Primal Inf.    Dual Inf.      Time
       0    9.2115211e-02   1.086604e+00   0.000000e+00      0s
       6    2.3761057e-01   0.000000e+00   0.000000e+00      0s

Solved in 6 iterations and 0.00 seconds
Optimal objective  2.376105683e-01

Wrote result file 'coeff.sol'


Gurobi 6.5.1 (mac64) logging started Wed May 10 15:00:06 2017

Set parameter LogToConsole to value 0

Gurobi Optimizer version 6.5.1 build v6.5.1rc3 (mac64)
Copyright (c) 2016, Gurobi Optimization, Inc.

WARNING: Numeric variable name in LP file ('1') - often the result
         of a constant term in the left-hand side of a constraint.

Read LP format model from file problem.lp
Reading time = 0.00 seconds
(null): 24 rows, 6 columns, 128 nonzeros
Optimize a model with 24 rows, 6 columns and 128 nonzeros
Coefficient statistics:
  Matrix range    [1e+00, 3e+03]
  Objective range [1e+00, 1e+00]
  Bounds range    [1e+00, 1e+00]
  RHS range       [2e+03, 3e+03]
Presolve removed 7 rows and 2 columns
Presolve time: 0.00s
Presolved: 17 rows, 4 columns, 61 nonzeros

Iteration    Objective       Primal Inf.    Dual Inf.      Time
       0    9.2115211e-02   8.912914e-01   0.000000e+00      0s
       6    1.6803056e-01   0.000000e+00   0.000000e+00      0s

Solved in 6 iterations and 0.00 seconds
Optimal objective  1.680305568e-01

Wrote result file 'coeff.sol'


Gurobi 6.5.1 (mac64) logging started Wed May 10 15:02:05 2017

Set parameter LogToConsole to value 0

Gurobi Optimizer version 6.5.1 build v6.5.1rc3 (mac64)
Copyright (c) 2016, Gurobi Optimization, Inc.

WARNING: Numeric variable name in LP file ('1') - often the result
         of a constant term in the left-hand side of a constraint.

Read LP format model from file problem.lp
Reading time = 0.00 seconds
(null): 24 rows, 6 columns, 128 nonzeros
Optimize a model with 24 rows, 6 columns and 128 nonzeros
Coefficient statistics:
  Matrix range    [1e+00, 3e+03]
  Objective range [1e+00, 1e+00]
  Bounds range    [1e+00, 1e+00]
  RHS range       [2e+03, 3e+03]
Presolve removed 7 rows and 2 columns
Presolve time: 0.00s
Presolved: 17 rows, 4 columns, 61 nonzeros

Iteration    Objective       Primal Inf.    Dual Inf.      Time
       0    9.2115211e-02   8.912914e-01   0.000000e+00      0s
       6    1.6803056e-01   0.000000e+00   0.000000e+00      0s

Solved in 6 iterations and 0.00 seconds
Optimal objective  1.680305568e-01

Wrote result file 'coeff.sol'


Gurobi 6.5.1 (mac64) logging started Wed May 10 15:03:48 2017

Set parameter LogToConsole to value 0

Gurobi Optimizer version 6.5.1 build v6.5.1rc3 (mac64)
Copyright (c) 2016, Gurobi Optimization, Inc.

WARNING: Numeric variable name in LP file ('1') - often the result
         of a constant term in the left-hand side of a constraint.

Read LP format model from file problem.lp
Reading time = 0.00 seconds
(null): 24 rows, 6 columns, 128 nonzeros
Optimize a model with 24 rows, 6 columns and 128 nonzeros
Coefficient statistics:
  Matrix range    [1e+00, 3e+03]
  Objective range [1e+00, 1e+00]
  Bounds range    [1e+00, 1e+00]
  RHS range       [2e+03, 3e+03]
Presolve removed 7 rows and 2 columns
Presolve time: 0.00s
Presolved: 17 rows, 4 columns, 61 nonzeros

Iteration    Objective       Primal Inf.    Dual Inf.      Time
       0    9.2115211e-02   8.912914e-01   0.000000e+00      0s
       6    1.6803056e-01   0.000000e+00   0.000000e+00      0s

Solved in 6 iterations and 0.00 seconds
Optimal objective  1.680305568e-01

Wrote result file 'coeff.sol'


Gurobi 6.5.1 (mac64) logging started Wed May 10 15:12:38 2017

Set parameter LogToConsole to value 0

Gurobi Optimizer version 6.5.1 build v6.5.1rc3 (mac64)
Copyright (c) 2016, Gurobi Optimization, Inc.

WARNING: Numeric variable name in LP file ('1') - often the result
         of a constant term in the left-hand side of a constraint.

Read LP format model from file problem.lp
Reading time = 0.00 seconds
(null): 24 rows, 6 columns, 128 nonzeros
Optimize a model with 24 rows, 6 columns and 128 nonzeros
Coefficient statistics:
  Matrix range    [1e+00, 3e+03]
  Objective range [1e+00, 1e+00]
  Bounds range    [1e+00, 1e+00]
  RHS range       [2e+03, 3e+03]
Presolve removed 7 rows and 2 columns
Presolve time: 0.00s
Presolved: 17 rows, 4 columns, 61 nonzeros

Iteration    Objective       Primal Inf.    Dual Inf.      Time
       0    9.2115211e-02   8.912914e-01   0.000000e+00      0s
       6    1.6803056e-01   0.000000e+00   0.000000e+00      0s

Solved in 6 iterations and 0.00 seconds
Optimal objective  1.680305568e-01

Wrote result file 'coeff.sol'


Gurobi 6.5.1 (mac64) logging started Wed May 10 21:54:38 2017

Set parameter LogToConsole to value 0

Gurobi Optimizer version 6.5.1 build v6.5.1rc3 (mac64)
Copyright (c) 2016, Gurobi Optimization, Inc.

WARNING: Numeric variable name in LP file ('1') - often the result
         of a constant term in the left-hand side of a constraint.

Read LP format model from file problem.lp
Reading time = 0.00 seconds
(null): 24 rows, 6 columns, 128 nonzeros
Optimize a model with 24 rows, 6 columns and 128 nonzeros
Coefficient statistics:
  Matrix range    [1e+00, 3e+03]
  Objective range [1e+00, 1e+00]
  Bounds range    [1e+00, 1e+00]
  RHS range       [2e+03, 3e+03]
Presolve removed 7 rows and 2 columns
Presolve time: 0.00s
Presolved: 17 rows, 4 columns, 61 nonzeros

Iteration    Objective       Primal Inf.    Dual Inf.      Time
       0    9.2115211e-02   8.912914e-01   0.000000e+00      0s
       6    1.6803056e-01   0.000000e+00   0.000000e+00      0s

Solved in 6 iterations and 0.00 seconds
Optimal objective  1.680305568e-01

Wrote result file 'coeff.sol'


Gurobi 6.5.1 (mac64) logging started Wed May 10 21:55:35 2017

Set parameter LogToConsole to value 0

Gurobi Optimizer version 6.5.1 build v6.5.1rc3 (mac64)
Copyright (c) 2016, Gurobi Optimization, Inc.

WARNING: Numeric variable name in LP file ('1') - often the result
         of a constant term in the left-hand side of a constraint.

Read LP format model from file problem.lp
Reading time = 0.00 seconds
(null): 24 rows, 6 columns, 128 nonzeros
Optimize a model with 24 rows, 6 columns and 128 nonzeros
Coefficient statistics:
  Matrix range    [1e+00, 3e+03]
  Objective range [1e+00, 1e+00]
  Bounds range    [1e+00, 1e+00]
  RHS range       [2e+03, 3e+03]
Presolve removed 7 rows and 2 columns
Presolve time: 0.00s
Presolved: 17 rows, 4 columns, 61 nonzeros

Iteration    Objective       Primal Inf.    Dual Inf.      Time
       0    9.2115211e-02   8.912914e-01   0.000000e+00      0s
       6    1.6803056e-01   0.000000e+00   0.000000e+00      0s

Solved in 6 iterations and 0.00 seconds
Optimal objective  1.680305568e-01

Wrote result file 'coeff.sol'


Gurobi 6.5.1 (mac64) logging started Wed May 10 21:59:58 2017

Set parameter LogToConsole to value 0

Gurobi Optimizer version 6.5.1 build v6.5.1rc3 (mac64)
Copyright (c) 2016, Gurobi Optimization, Inc.

WARNING: Numeric variable name in LP file ('1') - often the result
         of a constant term in the left-hand side of a constraint.

Read LP format model from file problem.lp
Reading time = 0.00 seconds
(null): 24 rows, 6 columns, 128 nonzeros
Optimize a model with 24 rows, 6 columns and 128 nonzeros
Coefficient statistics:
  Matrix range    [1e+00, 3e+03]
  Objective range [1e+00, 1e+00]
  Bounds range    [1e+00, 1e+00]
  RHS range       [2e+03, 3e+03]
Presolve removed 7 rows and 2 columns
Presolve time: 0.00s
Presolved: 17 rows, 4 columns, 61 nonzeros

Iteration    Objective       Primal Inf.    Dual Inf.      Time
       0    9.2115211e-02   8.912914e-01   0.000000e+00      0s
       6    1.6803056e-01   0.000000e+00   0.000000e+00      0s

Solved in 6 iterations and 0.00 seconds
Optimal objective  1.680305568e-01

Wrote result file 'coeff.sol'


Gurobi 6.5.1 (mac64) logging started Thu May 11 11:52:28 2017

Set parameter LogToConsole to value 0

Gurobi Optimizer version 6.5.1 build v6.5.1rc3 (mac64)
Copyright (c) 2016, Gurobi Optimization, Inc.

WARNING: Numeric variable name in LP file ('1') - often the result
         of a constant term in the left-hand side of a constraint.

Read LP format model from file problem.lp
Reading time = 0.00 seconds
(null): 24 rows, 6 columns, 128 nonzeros
Optimize a model with 24 rows, 6 columns and 128 nonzeros
Coefficient statistics:
  Matrix range    [1e+00, 3e+03]
  Objective range [1e+00, 1e+00]
  Bounds range    [1e+00, 1e+00]
  RHS range       [2e+03, 3e+03]
Presolve removed 8 rows and 2 columns
Presolve time: 0.00s
Presolved: 16 rows, 4 columns, 58 nonzeros

Iteration    Objective       Primal Inf.    Dual Inf.      Time
       0    0.0000000e+00   1.218901e+00   0.000000e+00      0s
       6    1.7702336e-01   0.000000e+00   0.000000e+00      0s

Solved in 6 iterations and 0.01 seconds
Optimal objective  1.770233626e-01

Wrote result file 'coeff.sol'


Gurobi 6.5.1 (mac64) logging started Thu May 11 11:59:34 2017

Set parameter LogToConsole to value 0

Gurobi Optimizer version 6.5.1 build v6.5.1rc3 (mac64)
Copyright (c) 2016, Gurobi Optimization, Inc.

WARNING: Numeric variable name in LP file ('1') - often the result
         of a constant term in the left-hand side of a constraint.

Read LP format model from file problem.lp
Reading time = 0.00 seconds
(null): 24 rows, 6 columns, 128 nonzeros
Optimize a model with 24 rows, 6 columns and 128 nonzeros
Coefficient statistics:
  Matrix range    [1e+00, 3e+03]
  Objective range [1e+00, 1e+00]
  Bounds range    [1e+00, 1e+00]
  RHS range       [2e+03, 3e+03]
Presolve removed 8 rows and 2 columns
Presolve time: 0.00s
Presolved: 16 rows, 4 columns, 58 nonzeros

Iteration    Objective       Primal Inf.    Dual Inf.      Time
       0    0.0000000e+00   1.218901e+00   0.000000e+00      0s
       6    1.7702336e-01   0.000000e+00   0.000000e+00      0s

Solved in 6 iterations and 0.00 seconds
Optimal objective  1.770233626e-01

Wrote result file 'coeff.sol'


Gurobi 6.5.1 (mac64) logging started Thu May 11 13:33:24 2017

Set parameter LogToConsole to value 0

Gurobi Optimizer version 6.5.1 build v6.5.1rc3 (mac64)
Copyright (c) 2016, Gurobi Optimization, Inc.

WARNING: Numeric variable name in LP file ('1') - often the result
         of a constant term in the left-hand side of a constraint.

Read LP format model from file problem.lp
Reading time = 0.00 seconds
(null): 24 rows, 6 columns, 128 nonzeros
Optimize a model with 24 rows, 6 columns and 128 nonzeros
Coefficient statistics:
  Matrix range    [1e+00, 3e+03]
  Objective range [1e+00, 1e+00]
  Bounds range    [1e+00, 1e+00]
  RHS range       [2e+03, 3e+03]
Presolve removed 8 rows and 2 columns
Presolve time: 0.00s
Presolved: 16 rows, 4 columns, 58 nonzeros

Iteration    Objective       Primal Inf.    Dual Inf.      Time
       0    0.0000000e+00   1.218901e+00   0.000000e+00      0s
       6    1.7702336e-01   0.000000e+00   0.000000e+00      0s

Solved in 6 iterations and 0.00 seconds
Optimal objective  1.770233626e-01

Wrote result file 'coeff.sol'


Gurobi 6.5.1 (mac64) logging started Fri May 12 10:24:35 2017

Set parameter LogToConsole to value 0

Gurobi Optimizer version 6.5.1 build v6.5.1rc3 (mac64)
Copyright (c) 2016, Gurobi Optimization, Inc.

Error reading LP format file problem.lp at line 9
Malformed term in expression
Neighboring tokens: " + 1310.97955812 comm@b>= 2967.0 1057.53388745 "


ERROR 10012: Unable to read file


Gurobi 6.5.1 (mac64) logging started Fri May 12 10:25:44 2017


Gurobi Optimizer version 6.5.1 build v6.5.1rc3 (mac64)
Copyright (c) 2016, Gurobi Optimization, Inc.

Error reading LP format file problem.lp at line 9
Malformed term in expression
Neighboring tokens: " + 1310.97955812 comm@b>= 2967.0 1057.53388745 "


ERROR 10012: Unable to read file


Gurobi 6.5.1 (mac64) logging started Fri May 12 10:26:32 2017


Gurobi Optimizer version 6.5.1 build v6.5.1rc3 (mac64)
Copyright (c) 2016, Gurobi Optimization, Inc.

Error reading LP format file problem.lp at line 9
Malformed term in expression
Neighboring tokens: " + 1310.97955812 comm@b>= 2967.0 1057.53388745 "


ERROR 10012: Unable to read file


Gurobi 6.5.1 (mac64) logging started Fri May 12 10:26:36 2017

Set parameter LogToConsole to value 0

Gurobi Optimizer version 6.5.1 build v6.5.1rc3 (mac64)
Copyright (c) 2016, Gurobi Optimization, Inc.

Error reading LP format file problem.lp at line 9
Malformed term in expression
Neighboring tokens: " + 1310.97955812 comm@b>= 2967.0 1057.53388745 "


ERROR 10012: Unable to read file


Gurobi 6.5.1 (mac64) logging started Fri May 12 10:27:08 2017

Set parameter LogToConsole to value 0

Gurobi Optimizer version 6.5.1 build v6.5.1rc3 (mac64)
Copyright (c) 2016, Gurobi Optimization, Inc.

WARNING: Numeric variable name in LP file ('1') - often the result
         of a constant term in the left-hand side of a constraint.

Read LP format model from file problem.lp
Reading time = 0.00 seconds
(null): 24 rows, 6 columns, 128 nonzeros
Optimize a model with 24 rows, 6 columns and 128 nonzeros
Coefficient statistics:
  Matrix range    [2e+00, 3e+03]
  Objective range [1e+00, 1e+00]
  Bounds range    [1e+00, 1e+00]
  RHS range       [2e+03, 3e+03]
Presolve removed 9 rows and 2 columns
Presolve time: 0.00s
Presolved: 15 rows, 4 columns, 55 nonzeros

Iteration    Objective       Primal Inf.    Dual Inf.      Time
       0    0.0000000e+00   1.426499e+00   0.000000e+00      0s
       5    1.1701122e-01   0.000000e+00   0.000000e+00      0s

Solved in 5 iterations and 0.01 seconds
Optimal objective  1.170112165e-01

Wrote result file 'coeff.sol'


Gurobi 6.5.1 (mac64) logging started Fri May 12 10:29:42 2017


Gurobi Optimizer version 6.5.1 build v6.5.1rc3 (mac64)
Copyright (c) 2016, Gurobi Optimization, Inc.

WARNING: Numeric variable name in LP file ('1') - often the result
         of a constant term in the left-hand side of a constraint.

Read LP format model from file problem.lp
Reading time = 0.00 seconds
(null): 24 rows, 6 columns, 128 nonzeros
Optimize a model with 24 rows, 6 columns and 128 nonzeros
Coefficient statistics:
  Matrix range    [2e+00, 3e+03]
  Objective range [1e+00, 1e+00]
  Bounds range    [1e+00, 1e+00]
  RHS range       [2e+03, 3e+03]
Presolve removed 9 rows and 2 columns
Presolve time: 0.00s
Presolved: 15 rows, 4 columns, 55 nonzeros

Iteration    Objective       Primal Inf.    Dual Inf.      Time
       0    0.0000000e+00   1.426499e+00   0.000000e+00      0s
       5    1.1701122e-01   0.000000e+00   0.000000e+00      0s

Solved in 5 iterations and 0.00 seconds
Optimal objective  1.170112165e-01

Wrote result file 'max.sol'


Gurobi 6.5.1 (mac64) logging started Fri May 12 10:30:34 2017


Gurobi Optimizer version 6.5.1 build v6.5.1rc3 (mac64)
Copyright (c) 2016, Gurobi Optimization, Inc.

WARNING: Numeric variable name in LP file ('1') - often the result
         of a constant term in the left-hand side of a constraint.

Read LP format model from file problem.lp
Reading time = 0.00 seconds
(null): 24 rows, 6 columns, 128 nonzeros
Optimize a model with 24 rows, 6 columns and 128 nonzeros
Coefficient statistics:
  Matrix range    [2e+00, 3e+03]
  Objective range [1e+00, 1e+00]
  Bounds range    [8e-01, 1e+00]
  RHS range       [2e+03, 3e+03]
Presolve removed 9 rows and 2 columns
Presolve time: 0.00s
Presolved: 15 rows, 4 columns, 55 nonzeros

Iteration    Objective       Primal Inf.    Dual Inf.      Time
       0    7.4997686e-03   1.408732e+00   0.000000e+00      0s
       5    1.1701122e-01   0.000000e+00   0.000000e+00      0s

Solved in 5 iterations and 0.00 seconds
Optimal objective  1.170112165e-01

Wrote result file 'max.sol'


Gurobi 6.5.1 (mac64) logging started Fri May 12 10:31:20 2017


Gurobi Optimizer version 6.5.1 build v6.5.1rc3 (mac64)
Copyright (c) 2016, Gurobi Optimization, Inc.

WARNING: Numeric variable name in LP file ('1') - often the result
         of a constant term in the left-hand side of a constraint.

Read LP format model from file problem.lp
Reading time = 0.00 seconds
(null): 24 rows, 6 columns, 128 nonzeros
Optimize a model with 24 rows, 6 columns and 128 nonzeros
Coefficient statistics:
  Matrix range    [2e+00, 3e+03]
  Objective range [1e+00, 1e+00]
  Bounds range    [5e-01, 1e+00]
  RHS range       [2e+03, 3e+03]
Presolve removed 8 rows and 1 columns
Presolve time: 0.00s

Solved in 0 iterations and 0.00 seconds
Infeasible model

Unable to retrieve attribute 'X'


Gurobi 6.5.1 (mac64) logging started Fri May 12 10:31:39 2017


Gurobi Optimizer version 6.5.1 build v6.5.1rc3 (mac64)
Copyright (c) 2016, Gurobi Optimization, Inc.

WARNING: Numeric variable name in LP file ('1') - often the result
         of a constant term in the left-hand side of a constraint.

Read LP format model from file problem.lp
Reading time = 0.00 seconds
(null): 24 rows, 6 columns, 128 nonzeros
Optimize a model with 24 rows, 6 columns and 128 nonzeros
Coefficient statistics:
  Matrix range    [2e+00, 3e+03]
  Objective range [1e+00, 1e+00]
  Bounds range    [5e-01, 1e+00]
  RHS range       [2e+03, 3e+03]
Presolve removed 8 rows and 1 columns
Presolve time: 0.00s

Solved in 0 iterations and 0.00 seconds
Infeasible model

Unable to retrieve attribute 'X'


Gurobi 6.5.1 (mac64) logging started Fri May 12 10:32:31 2017


Gurobi Optimizer version 6.5.1 build v6.5.1rc3 (mac64)
Copyright (c) 2016, Gurobi Optimization, Inc.

WARNING: Numeric variable name in LP file ('1') - often the result
         of a constant term in the left-hand side of a constraint.

Read LP format model from file problem.lp
Reading time = 0.00 seconds
(null): 24 rows, 6 columns, 128 nonzeros
Optimize a model with 24 rows, 6 columns and 128 nonzeros
Coefficient statistics:
  Matrix range    [2e+00, 3e+03]
  Objective range [1e+00, 1e+00]
  Bounds range    [5e-01, 1e+00]
  RHS range       [2e+03, 3e+03]
Presolve removed 9 rows and 2 columns
Presolve time: 0.00s
Presolved: 15 rows, 4 columns, 55 nonzeros

Iteration    Objective       Primal Inf.    Dual Inf.      Time
       0    1.0459389e-01   2.677745e-01   0.000000e+00      0s
       3    1.5242367e-01   0.000000e+00   0.000000e+00      0s

Solved in 3 iterations and 0.00 seconds
Optimal objective  1.524236660e-01

Wrote result file 'max.sol'


Gurobi 6.5.1 (mac64) logging started Fri May 12 10:32:52 2017


Gurobi Optimizer version 6.5.1 build v6.5.1rc3 (mac64)
Copyright (c) 2016, Gurobi Optimization, Inc.

WARNING: Numeric variable name in LP file ('1') - often the result
         of a constant term in the left-hand side of a constraint.

Read LP format model from file problem.lp
Reading time = 0.00 seconds
(null): 24 rows, 6 columns, 128 nonzeros
Optimize a model with 24 rows, 6 columns and 128 nonzeros
Coefficient statistics:
  Matrix range    [2e+00, 3e+03]
  Objective range [1e+00, 1e+00]
  Bounds range    [1e+00, 1e+00]
  RHS range       [2e+03, 3e+03]
Presolve removed 9 rows and 2 columns
Presolve time: 0.00s
Presolved: 15 rows, 4 columns, 55 nonzeros

Iteration    Objective       Primal Inf.    Dual Inf.      Time
       0    0.0000000e+00   1.426499e+00   0.000000e+00      0s
       5    1.1701122e-01   0.000000e+00   0.000000e+00      0s

Solved in 5 iterations and 0.00 seconds
Optimal objective  1.170112165e-01

Wrote result file 'max.sol'


Gurobi 6.5.1 (mac64) logging started Fri May 12 10:36:38 2017

Set parameter LogToConsole to value 0

Gurobi Optimizer version 6.5.1 build v6.5.1rc3 (mac64)
Copyright (c) 2016, Gurobi Optimization, Inc.

Warning: unknown variable 'info@b' in bounds section
Error reading LP format file problem.lp at line 37
Unrecognized variable bound
Neighboring tokens: " f@b < 1 f@b > 0 comm@b < "


ERROR 10012: Unable to read file


Gurobi 6.5.1 (mac64) logging started Fri May 12 10:37:06 2017


Gurobi Optimizer version 6.5.1 build v6.5.1rc3 (mac64)
Copyright (c) 2016, Gurobi Optimization, Inc.

Warning: unknown variable 'info@b' in bounds section
Error reading LP format file problem.lp at line 37
Unrecognized variable bound
Neighboring tokens: " f@b < 1 f@b > 0 comm@b < "


ERROR 10012: Unable to read file


Gurobi 6.5.1 (mac64) logging started Fri May 12 10:37:40 2017

Set parameter LogToConsole to value 0

Gurobi Optimizer version 6.5.1 build v6.5.1rc3 (mac64)
Copyright (c) 2016, Gurobi Optimization, Inc.

WARNING: Numeric variable name in LP file ('info@b') - often the result
         of a constant term in the left-hand side of a constraint.

Read LP format model from file problem.lp
Reading time = 0.00 seconds
(null): 24 rows, 9 columns, 168 nonzeros
Optimize a model with 24 rows, 9 columns and 168 nonzeros
Coefficient statistics:
  Matrix range    [1e+00, 3e+03]
  Objective range [1e+00, 1e+00]
  Bounds range    [1e+00, 1e+00]
  RHS range       [2e+03, 3e+03]
Presolve removed 4 rows and 2 columns
Presolve time: 0.00s
Presolved: 20 rows, 7 columns, 103 nonzeros

Iteration    Objective       Primal Inf.    Dual Inf.      Time
       0    0.0000000e+00   3.882936e+00   0.000000e+00      0s
      10    1.1701122e-01   0.000000e+00   0.000000e+00      0s

Solved in 10 iterations and 0.00 seconds
Optimal objective  1.170112165e-01

Wrote result file 'coeff.sol'


Gurobi 6.5.1 (mac64) logging started Fri May 12 10:41:29 2017

Set parameter LogToConsole to value 0

Gurobi Optimizer version 6.5.1 build v6.5.1rc3 (mac64)
Copyright (c) 2016, Gurobi Optimization, Inc.

Warning: unknown variable '1' in bounds section
WARNING: Numeric variable name in LP file ('info@b') - often the result
         of a constant term in the left-hand side of a constraint.

Read LP format model from file problem.lp
Reading time = 0.00 seconds
(null): 24 rows, 10 columns, 168 nonzeros
Optimize a model with 24 rows, 10 columns and 168 nonzeros
Coefficient statistics:
  Matrix range    [1e+00, 3e+03]
  Objective range [1e+00, 1e+00]
  Bounds range    [1e+00, 1e+00]
  RHS range       [2e+03, 3e+03]
Presolve removed 0 rows and 2 columns
Presolve time: 0.00s
Presolved: 24 rows, 8 columns, 144 nonzeros

Iteration    Objective       Primal Inf.    Dual Inf.      Time
       0    0.0000000e+00   6.653262e+00   0.000000e+00      0s
      16    7.3665985e-02   0.000000e+00   0.000000e+00      0s

Solved in 16 iterations and 0.00 seconds
Optimal objective  7.366598484e-02

Wrote result file 'coeff.sol'


Gurobi 6.5.1 (mac64) logging started Fri May 12 10:52:45 2017

Set parameter LogToConsole to value 0

Gurobi Optimizer version 6.5.1 build v6.5.1rc3 (mac64)
Copyright (c) 2016, Gurobi Optimization, Inc.

Warning: unknown variable '1' in bounds section
WARNING: Numeric variable name in LP file ('info@b') - often the result
         of a constant term in the left-hand side of a constraint.

Read LP format model from file problem.lp
Reading time = 0.00 seconds
(null): 24 rows, 10 columns, 168 nonzeros
Optimize a model with 24 rows, 10 columns and 168 nonzeros
Coefficient statistics:
  Matrix range    [1e+00, 3e+03]
  Objective range [1e+00, 1e+00]
  Bounds range    [1e+00, 1e+00]
  RHS range       [2e+03, 3e+03]
Presolve removed 0 rows and 2 columns
Presolve time: 0.00s
Presolved: 24 rows, 8 columns, 144 nonzeros

Iteration    Objective       Primal Inf.    Dual Inf.      Time
       0    0.0000000e+00   6.653262e+00   0.000000e+00      0s
      16    7.3665985e-02   0.000000e+00   0.000000e+00      0s

Solved in 16 iterations and 0.00 seconds
Optimal objective  7.366598484e-02

Wrote result file 'coeff.sol'


Gurobi 6.5.1 (mac64) logging started Fri May 12 10:55:04 2017

Set parameter LogToConsole to value 0

Gurobi Optimizer version 6.5.1 build v6.5.1rc3 (mac64)
Copyright (c) 2016, Gurobi Optimization, Inc.

Warning: unknown variable '1' in bounds section
WARNING: Numeric variable name in LP file ('info@b') - often the result
         of a constant term in the left-hand side of a constraint.

Read LP format model from file problem.lp
Reading time = 0.00 seconds
(null): 24 rows, 10 columns, 168 nonzeros
Optimize a model with 24 rows, 10 columns and 168 nonzeros
Coefficient statistics:
  Matrix range    [1e+00, 3e+03]
  Objective range [1e+00, 1e+00]
  Bounds range    [1e+00, 1e+00]
  RHS range       [2e+03, 3e+03]
Presolve removed 0 rows and 2 columns
Presolve time: 0.00s
Presolved: 24 rows, 8 columns, 144 nonzeros

Iteration    Objective       Primal Inf.    Dual Inf.      Time
       0    0.0000000e+00   6.653262e+00   0.000000e+00      0s
      16    7.3665985e-02   0.000000e+00   0.000000e+00      0s

Solved in 16 iterations and 0.00 seconds
Optimal objective  7.366598484e-02

Wrote result file 'coeff.sol'


Gurobi 6.5.1 (mac64) logging started Fri May 12 10:59:43 2017

Set parameter LogToConsole to value 0

Gurobi Optimizer version 6.5.1 build v6.5.1rc3 (mac64)
Copyright (c) 2016, Gurobi Optimization, Inc.

Warning: unknown variable '1' in bounds section
WARNING: Numeric variable name in LP file ('info@b') - often the result
         of a constant term in the left-hand side of a constraint.

Read LP format model from file problem.lp
Reading time = 0.00 seconds
(null): 24 rows, 10 columns, 168 nonzeros
Optimize a model with 24 rows, 10 columns and 168 nonzeros
Coefficient statistics:
  Matrix range    [1e+00, 3e+03]
  Objective range [1e+00, 1e+00]
  Bounds range    [1e+00, 1e+00]
  RHS range       [2e+03, 3e+03]
Presolve removed 0 rows and 2 columns
Presolve time: 0.00s
Presolved: 24 rows, 8 columns, 144 nonzeros

Iteration    Objective       Primal Inf.    Dual Inf.      Time
       0    0.0000000e+00   6.653262e+00   0.000000e+00      0s
      16    7.3665985e-02   0.000000e+00   0.000000e+00      0s

Solved in 16 iterations and 0.00 seconds
Optimal objective  7.366598484e-02

Wrote result file 'coeff.sol'


Gurobi 6.5.1 (mac64) logging started Fri May 12 11:02:33 2017

Set parameter LogToConsole to value 0

Gurobi Optimizer version 6.5.1 build v6.5.1rc3 (mac64)
Copyright (c) 2016, Gurobi Optimization, Inc.

Warning: unknown variable '1' in bounds section
WARNING: Numeric variable name in LP file ('info@b') - often the result
         of a constant term in the left-hand side of a constraint.

Read LP format model from file problem.lp
Reading time = 0.00 seconds
(null): 24 rows, 10 columns, 168 nonzeros
Optimize a model with 24 rows, 10 columns and 168 nonzeros
Coefficient statistics:
  Matrix range    [1e+00, 3e+03]
  Objective range [1e+00, 1e+00]
  Bounds range    [1e+00, 1e+00]
  RHS range       [2e+03, 3e+03]
Presolve removed 0 rows and 2 columns
Presolve time: 0.00s
Presolved: 24 rows, 8 columns, 144 nonzeros

Iteration    Objective       Primal Inf.    Dual Inf.      Time
       0    0.0000000e+00   6.653262e+00   0.000000e+00      0s
      16    7.3665985e-02   0.000000e+00   0.000000e+00      0s

Solved in 16 iterations and 0.00 seconds
Optimal objective  7.366598484e-02

Wrote result file 'coeff.sol'


Gurobi 6.5.1 (mac64) logging started Fri May 12 11:06:27 2017

Set parameter LogToConsole to value 0

Gurobi Optimizer version 6.5.1 build v6.5.1rc3 (mac64)
Copyright (c) 2016, Gurobi Optimization, Inc.

Warning: unknown variable '1' in bounds section
WARNING: Numeric variable name in LP file ('info@b') - often the result
         of a constant term in the left-hand side of a constraint.

Read LP format model from file problem.lp
Reading time = 0.00 seconds
(null): 24 rows, 10 columns, 168 nonzeros
Optimize a model with 24 rows, 10 columns and 168 nonzeros
Coefficient statistics:
  Matrix range    [1e+00, 3e+03]
  Objective range [1e+00, 1e+00]
  Bounds range    [9e-01, 1e+00]
  RHS range       [2e+03, 3e+03]
Presolve removed 0 rows and 2 columns
Presolve time: 0.00s
Presolved: 24 rows, 8 columns, 144 nonzeros

Iteration    Objective       Primal Inf.    Dual Inf.      Time
       0    0.0000000e+00   6.456637e+00   0.000000e+00      0s
      15    8.1665687e-02   0.000000e+00   0.000000e+00      0s

Solved in 15 iterations and 0.00 seconds
Optimal objective  8.166568677e-02

Wrote result file 'coeff.sol'


Gurobi 6.5.1 (mac64) logging started Fri May 12 11:27:49 2017

Set parameter LogToConsole to value 0

Gurobi Optimizer version 6.5.1 build v6.5.1rc3 (mac64)
Copyright (c) 2016, Gurobi Optimization, Inc.

Warning: unknown variable '1' in bounds section
WARNING: Numeric variable name in LP file ('info@b') - often the result
         of a constant term in the left-hand side of a constraint.

Read LP format model from file problem.lp
Reading time = 0.00 seconds
(null): 24 rows, 10 columns, 168 nonzeros
Optimize a model with 24 rows, 10 columns and 168 nonzeros
Coefficient statistics:
  Matrix range    [1e+00, 3e+03]
  Objective range [1e+00, 1e+00]
  Bounds range    [9e-01, 1e+00]
  RHS range       [2e+03, 3e+03]
Presolve removed 0 rows and 2 columns
Presolve time: 0.00s
Presolved: 24 rows, 8 columns, 144 nonzeros

Iteration    Objective       Primal Inf.    Dual Inf.      Time
       0    0.0000000e+00   6.456637e+00   0.000000e+00      0s
      15    8.1665687e-02   0.000000e+00   0.000000e+00      0s

Solved in 15 iterations and 0.00 seconds
Optimal objective  8.166568677e-02

Wrote result file 'coeff.sol'


Gurobi 6.5.1 (mac64) logging started Fri May 12 11:29:28 2017

Set parameter LogToConsole to value 0

Gurobi Optimizer version 6.5.1 build v6.5.1rc3 (mac64)
Copyright (c) 2016, Gurobi Optimization, Inc.

Warning: unknown variable '1' in bounds section
WARNING: Numeric variable name in LP file ('info@b') - often the result
         of a constant term in the left-hand side of a constraint.

Read LP format model from file problem.lp
Reading time = 0.00 seconds
(null): 26 rows, 10 columns, 175 nonzeros
Optimize a model with 26 rows, 10 columns and 175 nonzeros
Coefficient statistics:
  Matrix range    [1e+00, 3e+03]
  Objective range [1e+00, 1e+00]
  Bounds range    [9e-01, 1e+00]
  RHS range       [2e+03, 3e+03]
Presolve removed 0 rows and 2 columns
Presolve time: 0.00s
Presolved: 26 rows, 8 columns, 149 nonzeros

Iteration    Objective       Primal Inf.    Dual Inf.      Time
       0    0.0000000e+00   5.353679e+00   0.000000e+00      0s
      15    1.0146959e-01   0.000000e+00   0.000000e+00      0s

Solved in 15 iterations and 0.00 seconds
Optimal objective  1.014695897e-01

Wrote result file 'coeff.sol'


Gurobi 6.5.1 (mac64) logging started Fri May 12 11:37:36 2017

Set parameter LogToConsole to value 0

Gurobi Optimizer version 6.5.1 build v6.5.1rc3 (mac64)
Copyright (c) 2016, Gurobi Optimization, Inc.

Warning: unknown variable '1' in bounds section
WARNING: Numeric variable name in LP file ('info@b') - often the result
         of a constant term in the left-hand side of a constraint.

Read LP format model from file problem.lp
Reading time = 0.00 seconds
(null): 26 rows, 10 columns, 175 nonzeros
Optimize a model with 26 rows, 10 columns and 175 nonzeros
Coefficient statistics:
  Matrix range    [1e+00, 3e+03]
  Objective range [1e+00, 1e+00]
  Bounds range    [9e-01, 1e+00]
  RHS range       [2e+03, 3e+03]
Presolve removed 0 rows and 2 columns
Presolve time: 0.00s
Presolved: 26 rows, 8 columns, 149 nonzeros

Iteration    Objective       Primal Inf.    Dual Inf.      Time
       0    0.0000000e+00   5.353679e+00   0.000000e+00      0s
      15    1.0146959e-01   0.000000e+00   0.000000e+00      0s

Solved in 15 iterations and 0.00 seconds
Optimal objective  1.014695897e-01

Wrote result file 'coeff.sol'


Gurobi 6.5.1 (mac64) logging started Fri May 12 11:56:47 2017

Set parameter LogToConsole to value 0

Gurobi Optimizer version 6.5.1 build v6.5.1rc3 (mac64)
Copyright (c) 2016, Gurobi Optimization, Inc.

Warning: unknown variable '1' in bounds section
WARNING: Numeric variable name in LP file ('info@b') - often the result
         of a constant term in the left-hand side of a constraint.

Read LP format model from file problem.lp
Reading time = 0.00 seconds
(null): 26 rows, 10 columns, 175 nonzeros
Optimize a model with 26 rows, 10 columns and 175 nonzeros
Coefficient statistics:
  Matrix range    [1e+00, 3e+03]
  Objective range [1e+00, 1e+00]
  Bounds range    [9e-01, 1e+00]
  RHS range       [2e+03, 3e+03]
Presolve removed 0 rows and 2 columns
Presolve time: 0.00s
Presolved: 26 rows, 8 columns, 149 nonzeros

Iteration    Objective       Primal Inf.    Dual Inf.      Time
       0    0.0000000e+00   5.353679e+00   0.000000e+00      0s
      15    1.0146959e-01   0.000000e+00   0.000000e+00      0s

Solved in 15 iterations and 0.00 seconds
Optimal objective  1.014695897e-01

Wrote result file 'coeff.sol'


Gurobi 6.5.1 (mac64) logging started Fri May 12 20:39:16 2017

Set parameter LogToConsole to value 0

Gurobi Optimizer version 6.5.1 build v6.5.1rc3 (mac64)
Copyright (c) 2016, Gurobi Optimization, Inc.

Warning: unknown variable '1' in bounds section
WARNING: Numeric variable name in LP file ('info@b') - often the result
         of a constant term in the left-hand side of a constraint.

Read LP format model from file problem.lp
Reading time = 0.00 seconds
(null): 26 rows, 10 columns, 175 nonzeros
Optimize a model with 26 rows, 10 columns and 175 nonzeros
Coefficient statistics:
  Matrix range    [1e+00, 3e+03]
  Objective range [1e+00, 1e+00]
  Bounds range    [9e-01, 1e+00]
  RHS range       [2e+03, 3e+03]
Presolve removed 0 rows and 2 columns
Presolve time: 0.00s
Presolved: 26 rows, 8 columns, 149 nonzeros

Iteration    Objective       Primal Inf.    Dual Inf.      Time
       0    0.0000000e+00   5.353679e+00   0.000000e+00      0s
      15    1.0146959e-01   0.000000e+00   0.000000e+00      0s

Solved in 15 iterations and 0.01 seconds
Optimal objective  1.014695897e-01

Wrote result file 'coeff.sol'

